<?xml version="1.0" encoding="UTF-8"?>
<!-- Generated by org.testng.reporters.JUnitReportReporter -->
<testsuite hostname="DESKTOP-ORMUMH8" failures="0" tests="26" name="testcases.TermConditionTestCases" time="237.565" errors="0" timestamp="2023-06-14T17:19:45 BDT" skipped="0">
  <testcase classname="testcases.TermConditionTestCases" name="userRepresentationsTittleVerify" time="11.109"/>
  <system-out/>
  <testcase classname="testcases.TermConditionTestCases" name="disclaimerTittleVerify" time="8.316"/>
  <system-out/>
  <testcase classname="testcases.TermConditionTestCases" name="termTerminationTittleVerify" time="8.568"/>
  <system-out/>
  <testcase classname="testcases.TermConditionTestCases" name="contributionLicenseTittleVerify" time="7.562"/>
  <system-out/>
  <testcase classname="testcases.TermConditionTestCases" name="disputeResolutionTittleVerify" time="9.258"/>
  <system-out/>
  <testcase classname="testcases.TermConditionTestCases" name="modificationsInteruptionsTittleVerify" time="10.289"/>
  <system-out/>
  <testcase classname="testcases.TermConditionTestCases" name="userDataTittleVerify" time="9.395"/>
  <system-out/>
  <testcase classname="testcases.TermConditionTestCases" name="electronicCommunicationsTittleVerify" time="7.550"/>
  <system-out/>
  <testcase classname="testcases.TermConditionTestCases" name="prohibitedActivitiesTittleVerify" time="7.851"/>
  <system-out/>
  <testcase classname="testcases.TermConditionTestCases" name="submissionTittleVerify" time="10.643"/>
  <system-out/>
  <testcase classname="testcases.TermConditionTestCases" name="copyrightInfringmentsTittleVerify" time="6.902"/>
  <system-out/>
  <testcase classname="testcases.TermConditionTestCases" name="topButtonTest" time="11.366"/>
  <system-out/>
  <testcase classname="testcases.TermConditionTestCases" name="indeminificationTittleVerify" time="8.062"/>
  <system-out/>
  <testcase classname="testcases.TermConditionTestCases" name="miscellaneousTittleVerify" time="7.949"/>
  <system-out/>
  <testcase classname="testcases.TermConditionTestCases" name="agreementTittleVerify" time="8.445"/>
  <system-out/>
  <testcase classname="testcases.TermConditionTestCases" name="privacyPolicyTittleVerify" time="10.566"/>
  <system-out/>
  <testcase classname="testcases.TermConditionTestCases" name="digitalPaymentTittleVerify" time="6.995"/>
  <system-out/>
  <testcase classname="testcases.TermConditionTestCases" name="limitationofLiabilityTittleVerify" time="8.384"/>
  <system-out/>
  <testcase classname="testcases.TermConditionTestCases" name="governingLawTittleVerify" time="7.718"/>
  <system-out/>
  <testcase classname="testcases.TermConditionTestCases" name="userGeneratedTittleVerify" time="8.416"/>
  <system-out/>
  <testcase classname="testcases.TermConditionTestCases" name="CorrectionsTittleVerify" time="7.560"/>
  <system-out/>
  <testcase classname="testcases.TermConditionTestCases" name="contactUsTittleVerify" time="10.136"/>
  <system-out/>
  <testcase classname="testcases.TermConditionTestCases" name="userRegistrationTittleVerify" time="10.899"/>
  <system-out/>
  <testcase classname="testcases.TermConditionTestCases" name="intellectualPropertyTittleVerify" time="8.285"/>
  <system-out/>
  <testcase classname="testcases.TermConditionTestCases" name="backButtonTest" time="17.986"/>
  <system-out/>
  <testcase classname="testcases.TermConditionTestCases" name="siteManangementTittleVerify" time="7.355"/>
  <system-out/>
</testsuite> <!-- testcases.TermConditionTestCases -->
