<?xml version="1.0" encoding="UTF-8"?>
<!-- Generated by org.testng.reporters.JUnitReportReporter -->
<testsuite hostname="DESKTOP-ORMUMH8" failures="0" tests="10" name="testcases.TemplatesTestCases" time="127.759" errors="0" timestamp="2023-05-22T10:45:45 BDT" skipped="0">
  <testcase classname="testcases.TemplatesTestCases" name="filterByElementDeselect" time="16.704"/>
  <system-out/>
  <testcase classname="testcases.TemplatesTestCases" name="filterLeftButtonTest" time="12.514"/>
  <system-out/>
  <testcase classname="testcases.TemplatesTestCases" name="searchValidNameSelect" time="16.720"/>
  <system-out/>
  <testcase classname="testcases.TemplatesTestCases" name="searchUsingWhiteSpace" time="7.488"/>
  <system-out/>
  <testcase classname="testcases.TemplatesTestCases" name="searchByLargeName" time="10.529"/>
  <system-out/>
  <testcase classname="testcases.TemplatesTestCases" name="templatePageScroll" time="10.930"/>
  <system-out/>
  <testcase classname="testcases.TemplatesTestCases" name="filterScrollLastElement" time="20.568"/>
  <system-out/>
  <testcase classname="testcases.TemplatesTestCases" name="filterRightButtonTest" time="10.363"/>
  <system-out/>
  <testcase classname="testcases.TemplatesTestCases" name="searchValidName" time="11.085"/>
  <system-out/>
  <testcase classname="testcases.TemplatesTestCases" name="filterByElement" time="10.858"/>
  <system-out/>
</testsuite> <!-- testcases.TemplatesTestCases -->
