<?xml version="1.0" encoding="UTF-8"?>
<!-- Generated by org.testng.reporters.JUnitReportReporter -->
<testsuite hostname="DESKTOP-ORMUMH8" failures="0" tests="1" name="testcases.LandingTestCases" time="10.360" errors="0" timestamp="2023-05-17T12:51:02 BDT" skipped="0">
  <testcase classname="testcases.LandingTestCases" name="allBlogsButtonTest" time="10.360"/>
  <system-out/>
</testsuite> <!-- testcases.LandingTestCases -->
