<?xml version="1.0" encoding="UTF-8"?>
<!-- Generated by org.testng.reporters.JUnitReportReporter -->
<testsuite hostname="DESKTOP-ORMUMH8" failures="0" tests="1" name="testcases.DashboardProfilePageTestCases" time="13.313" errors="0" timestamp="2023-07-16T16:50:34 BDT" skipped="0">
  <testcase classname="testcases.DashboardProfilePageTestCases" name="workExperienceDelete" time="13.313"/>
  <system-out/>
</testsuite> <!-- testcases.DashboardProfilePageTestCases -->
