<?xml version="1.0" encoding="UTF-8"?>
<!-- Generated by org.testng.reporters.JUnitReportReporter -->
<testsuite hostname="DESKTOP-ORMUMH8" failures="0" tests="1" name="testcases.DashboardProfilePageTestCases" time="11.694" errors="0" timestamp="2023-07-02T15:21:02 BDT" skipped="0">
  <testcase classname="testcases.DashboardProfilePageTestCases" name="personalInfoDesignationandMaillingAddressVeridy" time="11.694"/>
  <system-out/>
</testsuite> <!-- testcases.DashboardProfilePageTestCases -->
