<?xml version="1.0" encoding="UTF-8"?>
<!-- Generated by org.testng.reporters.JUnitReportReporter -->
<testsuite hostname="DESKTOP-ORMUMH8" failures="0" tests="68" name="testcases.LandingTestCases" time="1057.520" errors="0" timestamp="2023-05-22T10:45:45 BDT" skipped="0">
  <testcase classname="testcases.LandingTestCases" name="landingPageSimpleCvAddinfoTextVerify" time="23.853"/>
  <system-out/>
  <testcase classname="testcases.LandingTestCases" name="landingPageRecruiterPreferCvStructureVerify" time="12.057"/>
  <system-out/>
  <testcase classname="testcases.LandingTestCases" name="landingPageFAQFiveQuestionTittleVerify" time="16.331"/>
  <system-out/>
  <testcase classname="testcases.LandingTestCases" name="landingPageTittleSentence" time="7.633"/>
  <system-out/>
  <testcase classname="testcases.LandingTestCases" name="blogsTittleVerify" time="15.654"/>
  <system-out/>
  <testcase classname="testcases.LandingTestCases" name="footerAddressVerify" time="8.524"/>
  <system-out/>
  <testcase classname="testcases.LandingTestCases" name="footerTermsConditionButtonTest" time="19.602"/>
  <system-out/>
  <testcase classname="testcases.LandingTestCases" name="landingPageFAQSecondQuestionTittleVerify" time="16.524"/>
  <system-out/>
  <testcase classname="testcases.LandingTestCases" name="footerCreateResumeButtonTest" time="11.529"/>
  <system-out/>
  <testcase classname="testcases.LandingTestCases" name="landingPageFAQFirstQuestionTittleVerify" time="15.951"/>
  <system-out/>
  <testcase classname="testcases.LandingTestCases" name="footerNewsLetterSubcriptionButtonVerify" time="26.510"/>
  <system-out/>
  <testcase classname="testcases.LandingTestCases" name="landingPageNavTemplateButtonTest" time="15.744"/>
  <system-out/>
  <testcase classname="testcases.LandingTestCases" name="landingPageRecruiterPreferSkillSetVerify" time="10.501"/>
  <system-out/>
  <testcase classname="testcases.LandingTestCases" name="dashBoardButtonTesting" time="16.302"/>
  <system-out/>
  <testcase classname="testcases.LandingTestCases" name="landingPageNavCartButtonTest" time="13.719"/>
  <system-out/>
  <testcase classname="testcases.LandingTestCases" name="logoutButtonTesting" time="24.082"/>
  <system-out/>
  <testcase classname="testcases.LandingTestCases" name="landingPageSimpleCvSelectTemplateTextVerify" time="8.084"/>
  <system-out/>
  <testcase classname="testcases.LandingTestCases" name="landingPageTemplateCvTittleVerify" time="15.740"/>
  <system-out/>
  <testcase classname="testcases.LandingTestCases" name="landingPageContentSuggestionBodyVerify" time="14.510"/>
  <system-out/>
  <testcase classname="testcases.LandingTestCases" name="landingPageFAQFourQuestionAnswerVerify" time="24.156"/>
  <system-out/>
  <testcase classname="testcases.LandingTestCases" name="landingPageContentSuggestionTittleVerify" time="13.922"/>
  <system-out/>
  <testcase classname="testcases.LandingTestCases" name="landingPageNavHomeButtonTest" time="6.770"/>
  <system-out/>
  <testcase classname="testcases.LandingTestCases" name="landingPageTemplateSelect" time="11.783"/>
  <system-out/>
  <testcase classname="testcases.LandingTestCases" name="footerNewsLetterSubcriptionInvalidMail" time="18.866"/>
  <system-out/>
  <testcase classname="testcases.LandingTestCases" name="loginUserCreateFreeCvButtonFromMiddlePageTest" time="16.913"/>
  <system-out/>
  <testcase classname="testcases.LandingTestCases" name="footerPrivacyPolicyButtonTest" time="18.078"/>
  <system-out/>
  <testcase classname="testcases.LandingTestCases" name="landingPageFAQVerify" time="17.398"/>
  <system-out/>
  <testcase classname="testcases.LandingTestCases" name="landingPageFAQSecondQuestionAnswerVerify" time="17.661"/>
  <system-out/>
  <testcase classname="testcases.LandingTestCases" name="landingPageNavLoginButtonTest" time="9.121"/>
  <system-out/>
  <testcase classname="testcases.LandingTestCases" name="landingPageFAQFiveQuestionAnswerVerify" time="22.535"/>
  <system-out/>
  <testcase classname="testcases.LandingTestCases" name="selectOneBlogDetails" time="14.344"/>
  <system-out/>
  <testcase classname="testcases.LandingTestCases" name="landingPageSeeAllTemplateButtonTest" time="18.803"/>
  <system-out/>
  <testcase classname="testcases.LandingTestCases" name="landingPageRecruiterPreferProfessionalCertificatesVerify" time="19.572"/>
  <system-out/>
  <testcase classname="testcases.LandingTestCases" name="faqSeeMoreButtonTest" time="16.891"/>
  <system-out/>
  <testcase classname="testcases.LandingTestCases" name="landingPageRecruiterPreferCareerSummaryVerify" time="12.513"/>
  <system-out/>
  <testcase classname="testcases.LandingTestCases" name="footerMailVerify" time="10.559"/>
  <system-out/>
  <testcase classname="testcases.LandingTestCases" name="landingPageRecruiterPreferTittleVerify" time="15.913"/>
  <system-out/>
  <testcase classname="testcases.LandingTestCases" name="footerAboutUsButtonTest" time="19.172"/>
  <system-out/>
  <testcase classname="testcases.LandingTestCases" name="footerLoginButtonTest" time="14.836"/>
  <system-out/>
  <testcase classname="testcases.LandingTestCases" name="landingPageExploreAllTemplateButtonTest" time="18.855"/>
  <system-out/>
  <testcase classname="testcases.LandingTestCases" name="blogsHoverSsTest" time="13.409"/>
  <system-out/>
  <testcase classname="testcases.LandingTestCases" name="landingPageNavAboutUsButtonTest" time="14.011"/>
  <system-out/>
  <testcase classname="testcases.LandingTestCases" name="allBlogsButtonTest" time="20.563"/>
  <system-out/>
  <testcase classname="testcases.LandingTestCases" name="footerPhoneVerify" time="17.713"/>
  <system-out/>
  <testcase classname="testcases.LandingTestCases" name="landingPageFAQThirdQuestionTittleVerify" time="9.511"/>
  <system-out/>
  <testcase classname="testcases.LandingTestCases" name="footerBlogsButtonTest" time="12.449"/>
  <system-out/>
  <testcase classname="testcases.LandingTestCases" name="logoutCreateButtonTest" time="19.528"/>
  <system-out/>
  <testcase classname="testcases.LandingTestCases" name="landingPageRecruiterPreferCvTemplateVerify" time="10.831"/>
  <system-out/>
  <testcase classname="testcases.LandingTestCases" name="landingPageRecruiterPreferBodyVerify" time="11.291"/>
  <system-out/>
  <testcase classname="testcases.LandingTestCases" name="landingPageNavLogoButtonTest" time="8.661"/>
  <system-out/>
  <testcase classname="testcases.LandingTestCases" name="landingPageSimpleCvTittleTextVerify" time="9.668"/>
  <system-out/>
  <testcase classname="testcases.LandingTestCases" name="landingPageSimpleCvBodyTextVerify" time="15.379"/>
  <system-out/>
  <testcase classname="testcases.LandingTestCases" name="landingPageHiringManagerTittleVerify" time="15.040"/>
  <system-out/>
  <testcase classname="testcases.LandingTestCases" name="landingPageFAQFirstQuestionAnswerVerify" time="18.132"/>
  <system-out/>
  <testcase classname="testcases.LandingTestCases" name="loginUserCreateFreeCvButtonTest" time="16.153"/>
  <system-out/>
  <testcase classname="testcases.LandingTestCases" name="footerTittleVerify" time="14.646"/>
  <system-out/>
  <testcase classname="testcases.LandingTestCases" name="landingPageFAQTittleVerify" time="16.676"/>
  <system-out/>
  <testcase classname="testcases.LandingTestCases" name="footerNewsLetterSubcriptionValidInput" time="17.879"/>
  <system-out/>
  <testcase classname="testcases.LandingTestCases" name="footerAllTemplateButtonTest" time="20.006"/>
  <system-out/>
  <testcase classname="testcases.LandingTestCases" name="footerFAQButtonTest" time="19.860"/>
  <system-out/>
  <testcase classname="testcases.LandingTestCases" name="landingPageFAQFourQuestionTittleVerify" time="17.260"/>
  <system-out/>
  <testcase classname="testcases.LandingTestCases" name="landingPageFAQThirdQuestionAnswerVerify" time="16.885"/>
  <system-out/>
  <testcase classname="testcases.LandingTestCases" name="footerNewsLetterTextVerify" time="10.313"/>
  <system-out/>
  <testcase classname="testcases.LandingTestCases" name="landingPageTopButtonTest" time="16.545"/>
  <system-out/>
  <testcase classname="testcases.LandingTestCases" name="landingPageSimpleCvDownloadCvTextVerify" time="16.038"/>
  <system-out/>
  <testcase classname="testcases.LandingTestCases" name="footerNewsLetterSubcriptionExistingUser" time="11.660"/>
  <system-out/>
  <testcase classname="testcases.LandingTestCases" name="footerCreateAccountButtonTest" time="20.496"/>
  <system-out/>
  <testcase classname="testcases.LandingTestCases" name="logoutUserTopCreateFreeCv" time="15.406"/>
  <system-out/>
</testsuite> <!-- testcases.LandingTestCases -->
