<?xml version="1.0" encoding="UTF-8"?>
<!-- Generated by org.testng.reporters.JUnitReportReporter -->
<testsuite hostname="DESKTOP-ORMUMH8" failures="0" tests="13" name="testcases.LoginTestCases" time="181.114" errors="0" timestamp="2023-05-22T10:45:45 BDT" skipped="0">
  <testcase classname="testcases.LoginTestCases" name="loginPageBackButtonTestFromEmailPage" time="12.168"/>
  <system-out/>
  <testcase classname="testcases.LoginTestCases" name="loginWithWrongPassword" time="10.554"/>
  <system-out/>
  <testcase classname="testcases.LoginTestCases" name="loginSccuessWithValidData" time="16.353"/>
  <system-out/>
  <testcase classname="testcases.LoginTestCases" name="loginPageCreateAccountButtonTest" time="16.595"/>
  <system-out/>
  <testcase classname="testcases.LoginTestCases" name="loginPagePreviousBackButtonTestFromPasswordPage" time="11.582"/>
  <system-out/>
  <testcase classname="testcases.LoginTestCases" name="loginUsingKeyboardEnterButton" time="17.933"/>
  <system-out/>
  <testcase classname="testcases.LoginTestCases" name="loginFromCartPageUrlVerify" time="21.972"/>
  <system-out/>
  <testcase classname="testcases.LoginTestCases" name="loginPageBackButtonTestFromPasswordPage" time="18.313"/>
  <system-out/>
  <testcase classname="testcases.LoginTestCases" name="loginPageForgetPasswordButtonTest" time="18.426"/>
  <system-out/>
  <testcase classname="testcases.LoginTestCases" name="loginButtonTestFromNav" time="7.474"/>
  <system-out/>
  <testcase classname="testcases.LoginTestCases" name="loginWithInvalidMailFormat" time="8.985"/>
  <system-out/>
  <testcase classname="testcases.LoginTestCases" name="loginPageCreateAccountButtonTestFromPasswordField" time="12.403"/>
  <system-out/>
  <testcase classname="testcases.LoginTestCases" name="loginPageSignInButtonTest" time="8.356"/>
  <system-out/>
</testsuite> <!-- testcases.LoginTestCases -->
