<?xml version="1.0" encoding="UTF-8"?>
<!-- Generated by org.testng.reporters.JUnitReportReporter -->
<testsuite hostname="DESKTOP-ORMUMH8" failures="0" tests="10" name="testcases.TemplatesTestCases" time="131.659" errors="0" timestamp="2023-07-13T16:40:08 BDT" skipped="0">
  <testcase classname="testcases.TemplatesTestCases" name="filterScrollLastElement" time="15.425"/>
  <system-out/>
  <testcase classname="testcases.TemplatesTestCases" name="templatePageScroll" time="11.641"/>
  <system-out/>
  <testcase classname="testcases.TemplatesTestCases" name="searchValidName" time="7.951"/>
  <system-out/>
  <testcase classname="testcases.TemplatesTestCases" name="filterRightButtonTest" time="11.679"/>
  <system-out/>
  <testcase classname="testcases.TemplatesTestCases" name="searchUsingWhiteSpace" time="16.801"/>
  <system-out/>
  <testcase classname="testcases.TemplatesTestCases" name="searchValidNameSelect" time="12.696"/>
  <system-out/>
  <testcase classname="testcases.TemplatesTestCases" name="filterByElement" time="12.484"/>
  <system-out/>
  <testcase classname="testcases.TemplatesTestCases" name="searchByLargeName" time="16.924"/>
  <system-out/>
  <testcase classname="testcases.TemplatesTestCases" name="filterLeftButtonTest" time="12.740"/>
  <system-out/>
  <testcase classname="testcases.TemplatesTestCases" name="filterByElementDeselect" time="13.318"/>
  <system-out/>
</testsuite> <!-- testcases.TemplatesTestCases -->
