<?xml version="1.0" encoding="UTF-8"?>
<!-- Generated by org.testng.reporters.JUnitReportReporter -->
<testsuite hostname="DESKTOP-ORMUMH8" failures="0" tests="12" name="testcases.BlogPageTestCase" time="196.556" errors="0" timestamp="2023-07-13T16:40:08 BDT" skipped="0">
  <testcase classname="testcases.BlogPageTestCase" name="vlog1TittleUrlVerify" time="10.991"/>
  <system-out/>
  <testcase classname="testcases.BlogPageTestCase" name="vlog4TittleUrlVerify" time="12.071"/>
  <system-out/>
  <testcase classname="testcases.BlogPageTestCase" name="vlog10TittleUrlVerify" time="14.199"/>
  <system-out/>
  <testcase classname="testcases.BlogPageTestCase" name="vlog7TittleUrlVerify" time="59.695"/>
  <system-out/>
  <testcase classname="testcases.BlogPageTestCase" name="vlog2TittleUrlVerify" time="10.824"/>
  <system-out/>
  <testcase classname="testcases.BlogPageTestCase" name="vlog9TittleUrlVerify" time="14.026"/>
  <system-out/>
  <testcase classname="testcases.BlogPageTestCase" name="vlog6TittleUrlVerify" time="14.398"/>
  <system-out/>
  <testcase classname="testcases.BlogPageTestCase" name="vlog8TittleUrlVerify" time="14.164"/>
  <system-out/>
  <testcase classname="testcases.BlogPageTestCase" name="vlog11TittleUrlVerify" time="16.368"/>
  <system-out/>
  <testcase classname="testcases.BlogPageTestCase" name="vlog3TittleUrlVerify" time="12.227"/>
  <system-out/>
  <testcase classname="testcases.BlogPageTestCase" name="blogPageURLVerify" time="4.234"/>
  <system-out/>
  <testcase classname="testcases.BlogPageTestCase" name="vlog5TittleUrlVerify" time="13.359"/>
  <system-out/>
</testsuite> <!-- testcases.BlogPageTestCase -->
