<?xml version="1.0" encoding="UTF-8"?>
<!-- Generated by org.testng.reporters.JUnitReportReporter -->
<testsuite hostname="DESKTOP-ORMUMH8" failures="0" tests="1" name="testcases.LandingTestCases" time="17.124" errors="0" timestamp="2023-05-21T12:14:25 BDT" skipped="0">
  <testcase classname="testcases.LandingTestCases" name="footerNewsLetterTextVerify" time="17.124"/>
  <system-out/>
</testsuite> <!-- testcases.LandingTestCases -->
