<?xml version="1.0" encoding="UTF-8"?>
<!-- Generated by org.testng.reporters.JUnitReportReporter -->
<testsuite hostname="DESKTOP-ORMUMH8" failures="0" tests="1" name="testcases.DashboardProfilePageTestCases" time="27.615" errors="0" timestamp="2023-07-12T12:41:14 BDT" skipped="0">
  <testcase classname="testcases.DashboardProfilePageTestCases" name="personalSummaryAddFromSegguestion" time="27.615"/>
  <system-out/>
</testsuite> <!-- testcases.DashboardProfilePageTestCases -->
