<?xml version="1.0" encoding="UTF-8"?>
<!-- Generated by org.testng.reporters.JUnitReportReporter -->
<testsuite hostname="DESKTOP-ORMUMH8" failures="0" tests="1" name="testcases.LandingTestCases" time="17.091" errors="0" timestamp="2023-07-16T10:44:04 BDT" skipped="0">
  <testcase classname="testcases.LandingTestCases" name="footerNewsLetterSubcriptionValidInput" time="17.091"/>
  <system-out/>
</testsuite> <!-- testcases.LandingTestCases -->
