<?xml version="1.0" encoding="UTF-8"?>
<!-- Generated by org.testng.reporters.JUnitReportReporter -->
<testsuite hostname="DESKTOP-ORMUMH8" failures="0" tests="1" name="testcases.FaqPageTestCases" time="20.036" errors="0" timestamp="2023-05-23T19:18:22 BDT" skipped="0">
  <testcase classname="testcases.FaqPageTestCases" name="faqPageQuest2QuestAnswerVerify" time="20.036"/>
  <system-out/>
</testsuite> <!-- testcases.FaqPageTestCases -->
