<?xml version="1.0" encoding="UTF-8"?>
<!-- Generated by org.testng.reporters.JUnitReportReporter -->
<testsuite hostname="DESKTOP-ORMUMH8" failures="0" tests="1" name="testcases.TermConditionTestCases" time="26.539" errors="0" timestamp="2023-06-13T17:44:05 BDT" skipped="0">
  <testcase classname="testcases.TermConditionTestCases" name="testmethod" time="26.539"/>
  <system-out/>
</testsuite> <!-- testcases.TermConditionTestCases -->
