<?xml version="1.0" encoding="UTF-8"?>
<!-- Generated by org.testng.reporters.JUnitReportReporter -->
<testsuite hostname="DESKTOP-ORMUMH8" failures="0" tests="1" name="testcases.LandingTestCases" time="30.176" errors="0" timestamp="2023-05-24T16:56:36 BDT" skipped="0">
  <testcase classname="testcases.LandingTestCases" name="loginUserCreateFreeCvButtonTest" time="30.176"/>
  <system-out/>
</testsuite> <!-- testcases.LandingTestCases -->
