<?xml version="1.0" encoding="UTF-8"?>
<!-- Generated by org.testng.reporters.JUnitReportReporter -->
<testsuite hostname="DESKTOP-ORMUMH8" failures="0" tests="10" name="testcases.AboutTestCases" time="64.478" errors="0" timestamp="2023-05-16T13:35:17 BDT" skipped="0">
  <testcase classname="testcases.AboutTestCases" name="aboutUsSecondParaVerify" time="5.228"/>
  <system-out/>
  <testcase classname="testcases.AboutTestCases" name="headerTittleVerify" time="6.681"/>
  <system-out/>
  <testcase classname="testcases.AboutTestCases" name="aboutUsEasyToCreateResumeBody1Verify" time="7.073"/>
  <system-out/>
  <testcase classname="testcases.AboutTestCases" name="aboutUsWhyChooseSiteBodyVerify" time="6.553"/>
  <system-out/>
  <testcase classname="testcases.AboutTestCases" name="aboutUsFirstParaVerify" time="5.569"/>
  <system-out/>
  <testcase classname="testcases.AboutTestCases" name="aboutUsEasyToCreateResumeTittleVerify" time="6.221"/>
  <system-out/>
  <testcase classname="testcases.AboutTestCases" name="aboutUsUniqueFeatureTittleVerify" time="6.360"/>
  <system-out/>
  <testcase classname="testcases.AboutTestCases" name="aboutUsWhyChooseSiteTittleVerify" time="6.152"/>
  <system-out/>
  <testcase classname="testcases.AboutTestCases" name="aboutUsEasyToCreateResumeBody2Verify" time="7.750"/>
  <system-out/>
  <testcase classname="testcases.AboutTestCases" name="aboutUsUniqueFeatureBodyVerify" time="6.891"/>
  <system-out/>
</testsuite> <!-- testcases.AboutTestCases -->
