<?xml version="1.0" encoding="UTF-8"?>
<!-- Generated by org.testng.reporters.JUnitReportReporter -->
<testsuite hostname="DESKTOP-ORMUMH8" failures="0" tests="1" name="testcases.DashboardProfilePageTestCases" time="13.829" errors="0" timestamp="2023-07-18T16:46:45 BDT" skipped="0">
  <testcase classname="testcases.DashboardProfilePageTestCases" name="educationDelete" time="13.829"/>
  <system-out/>
</testsuite> <!-- testcases.DashboardProfilePageTestCases -->
