<?xml version="1.0" encoding="UTF-8"?>
<!-- Generated by org.testng.reporters.JUnitReportReporter -->
<testsuite hostname="DESKTOP-ORMUMH8" failures="0" tests="1" name="testcases.LandingTestCases" time="13.307" errors="0" timestamp="2023-05-18T11:33:45 BDT" skipped="0">
  <testcase classname="testcases.LandingTestCases" name="selectOneBlogDetails" time="13.307"/>
  <system-out/>
</testsuite> <!-- testcases.LandingTestCases -->
