<?xml version="1.0" encoding="UTF-8"?>
<!-- Generated by org.testng.reporters.JUnitReportReporter -->
<testsuite hostname="DESKTOP-ORMUMH8" failures="0" tests="1" name="testcases.PrivacyPoliceTestCases" time="9.255" errors="0" timestamp="2023-06-10T16:09:06 BDT" skipped="0">
  <testcase classname="testcases.PrivacyPoliceTestCases" name="logFilesTittleVerify" time="9.255"/>
  <system-out/>
</testsuite> <!-- testcases.PrivacyPoliceTestCases -->
