<?xml version="1.0" encoding="UTF-8"?>
<!-- Generated by org.testng.reporters.JUnitReportReporter -->
<testsuite hostname="DESKTOP-ORMUMH8" failures="0" tests="10" name="testcases.AboutTestCases" time="90.905" errors="0" timestamp="2023-07-13T16:40:08 BDT" skipped="0">
  <testcase classname="testcases.AboutTestCases" name="aboutUsEasyToCreateResumeBody1Verify" time="8.611"/>
  <system-out/>
  <testcase classname="testcases.AboutTestCases" name="aboutUsUniqueFeatureTittleVerify" time="9.426"/>
  <system-out/>
  <testcase classname="testcases.AboutTestCases" name="aboutUsWhyChooseSiteTittleVerify" time="10.789"/>
  <system-out/>
  <testcase classname="testcases.AboutTestCases" name="aboutUsWhyChooseSiteBodyVerify" time="10.453"/>
  <system-out/>
  <testcase classname="testcases.AboutTestCases" name="aboutUsFirstParaVerify" time="7.706"/>
  <system-out/>
  <testcase classname="testcases.AboutTestCases" name="aboutUsSecondParaVerify" time="9.593"/>
  <system-out/>
  <testcase classname="testcases.AboutTestCases" name="aboutUsUniqueFeatureBodyVerify" time="8.298"/>
  <system-out/>
  <testcase classname="testcases.AboutTestCases" name="aboutUsEasyToCreateResumeBody2Verify" time="12.714"/>
  <system-out/>
  <testcase classname="testcases.AboutTestCases" name="headerTittleVerify" time="5.972"/>
  <system-out/>
  <testcase classname="testcases.AboutTestCases" name="aboutUsEasyToCreateResumeTittleVerify" time="7.343"/>
  <system-out/>
</testsuite> <!-- testcases.AboutTestCases -->
