<?xml version="1.0" encoding="UTF-8"?>
<!-- Generated by org.testng.reporters.JUnitReportReporter -->
<testsuite hostname="DESKTOP-ORMUMH8" failures="0" tests="12" name="testcases.FaqPageTestCases" time="164.265" errors="0" timestamp="2023-07-13T16:40:08 BDT" skipped="0">
  <testcase classname="testcases.FaqPageTestCases" name="faqPageQuest7QuestAnswerVerify" time="18.064"/>
  <system-out/>
  <testcase classname="testcases.FaqPageTestCases" name="faqPageBackButtonTest" time="10.398"/>
  <system-out/>
  <testcase classname="testcases.FaqPageTestCases" name="faqPageQuest3QuestAnswerVerify" time="13.545"/>
  <system-out/>
  <testcase classname="testcases.FaqPageTestCases" name="faqPageQuest8QuestAnswerVerify" time="18.907"/>
  <system-out/>
  <testcase classname="testcases.FaqPageTestCases" name="faqPageQuest5QuestAnswerVerify" time="14.849"/>
  <system-out/>
  <testcase classname="testcases.FaqPageTestCases" name="faqPageQuest1QuestAnswerVerify" time="7.000"/>
  <system-out/>
  <testcase classname="testcases.FaqPageTestCases" name="faqPageQuest4QuestAnswerVerify" time="13.169"/>
  <system-out/>
  <testcase classname="testcases.FaqPageTestCases" name="faqPageQuest2QuestAnswerVerify" time="15.871"/>
  <system-out/>
  <testcase classname="testcases.FaqPageTestCases" name="faqPageQuest9QuestAnswerVerify" time="17.130"/>
  <system-out/>
  <testcase classname="testcases.FaqPageTestCases" name="faqPageUrlVerify" time="4.671"/>
  <system-out/>
  <testcase classname="testcases.FaqPageTestCases" name="faqPageQuest10QuestAnswerVerify" time="17.066"/>
  <system-out/>
  <testcase classname="testcases.FaqPageTestCases" name="faqPageQuest6QuestAnswerVerify" time="13.595"/>
  <system-out/>
</testsuite> <!-- testcases.FaqPageTestCases -->
