<?xml version="1.0" encoding="UTF-8"?>
<!-- Generated by org.testng.reporters.JUnitReportReporter -->
<testsuite hostname="DESKTOP-ORMUMH8" failures="0" tests="10" name="testcases.AboutTestCases" time="111.027" errors="0" timestamp="2023-05-22T10:45:45 BDT" skipped="0">
  <testcase classname="testcases.AboutTestCases" name="aboutUsWhyChooseSiteBodyVerify" time="12.557"/>
  <system-out/>
  <testcase classname="testcases.AboutTestCases" name="aboutUsUniqueFeatureTittleVerify" time="12.734"/>
  <system-out/>
  <testcase classname="testcases.AboutTestCases" name="headerTittleVerify" time="12.831"/>
  <system-out/>
  <testcase classname="testcases.AboutTestCases" name="aboutUsSecondParaVerify" time="7.503"/>
  <system-out/>
  <testcase classname="testcases.AboutTestCases" name="aboutUsUniqueFeatureBodyVerify" time="12.819"/>
  <system-out/>
  <testcase classname="testcases.AboutTestCases" name="aboutUsEasyToCreateResumeTittleVerify" time="6.885"/>
  <system-out/>
  <testcase classname="testcases.AboutTestCases" name="aboutUsEasyToCreateResumeBody1Verify" time="8.464"/>
  <system-out/>
  <testcase classname="testcases.AboutTestCases" name="aboutUsEasyToCreateResumeBody2Verify" time="11.970"/>
  <system-out/>
  <testcase classname="testcases.AboutTestCases" name="aboutUsFirstParaVerify" time="9.464"/>
  <system-out/>
  <testcase classname="testcases.AboutTestCases" name="aboutUsWhyChooseSiteTittleVerify" time="15.800"/>
  <system-out/>
</testsuite> <!-- testcases.AboutTestCases -->
