<?xml version="1.0" encoding="UTF-8"?>
<!-- Generated by org.testng.reporters.JUnitReportReporter -->
<testsuite hostname="DESKTOP-ORMUMH8" failures="0" tests="1" name="testcases.TemplatesTestCases" time="10.435" errors="0" timestamp="2023-05-16T12:10:13 BDT" skipped="0">
  <testcase classname="testcases.TemplatesTestCases" name="templatePageScroll" time="10.435"/>
  <system-out/>
</testsuite> <!-- testcases.TemplatesTestCases -->
