<?xml version="1.0" encoding="UTF-8"?>
<!-- Generated by org.testng.reporters.JUnitReportReporter -->
<testsuite hostname="DESKTOP-ORMUMH8" failures="0" tests="12" name="testcases.FaqPageTestCases" time="193.735" errors="0" timestamp="2023-06-08T13:53:32 BDT" skipped="0">
  <testcase classname="testcases.FaqPageTestCases" name="faqPageQuest6QuestAnswerVerify" time="17.175"/>
  <system-out/>
  <testcase classname="testcases.FaqPageTestCases" name="faqPageQuest3QuestAnswerVerify" time="16.741"/>
  <system-out/>
  <testcase classname="testcases.FaqPageTestCases" name="faqPageUrlVerify" time="5.370"/>
  <system-out/>
  <testcase classname="testcases.FaqPageTestCases" name="faqPageQuest2QuestAnswerVerify" time="17.656"/>
  <system-out/>
  <testcase classname="testcases.FaqPageTestCases" name="faqPageQuest5QuestAnswerVerify" time="14.000"/>
  <system-out/>
  <testcase classname="testcases.FaqPageTestCases" name="faqPageQuest4QuestAnswerVerify" time="16.063"/>
  <system-out/>
  <testcase classname="testcases.FaqPageTestCases" name="faqPageQuest8QuestAnswerVerify" time="21.450"/>
  <system-out/>
  <testcase classname="testcases.FaqPageTestCases" name="faqPageBackButtonTest" time="14.748"/>
  <system-out/>
  <testcase classname="testcases.FaqPageTestCases" name="faqPageQuest1QuestAnswerVerify" time="8.985"/>
  <system-out/>
  <testcase classname="testcases.FaqPageTestCases" name="faqPageQuest7QuestAnswerVerify" time="21.590"/>
  <system-out/>
  <testcase classname="testcases.FaqPageTestCases" name="faqPageQuest10QuestAnswerVerify" time="21.424"/>
  <system-out/>
  <testcase classname="testcases.FaqPageTestCases" name="faqPageQuest9QuestAnswerVerify" time="18.533"/>
  <system-out/>
</testsuite> <!-- testcases.FaqPageTestCases -->
