<?xml version="1.0" encoding="UTF-8"?>
<!-- Generated by org.testng.reporters.JUnitReportReporter -->
<testsuite hostname="DESKTOP-ORMUMH8" failures="0" tests="68" name="testcases.LandingTestCases" time="960.849" errors="0" timestamp="2023-07-13T16:40:08 BDT" skipped="0">
  <testcase classname="testcases.LandingTestCases" name="footerAllTemplateButtonTest" time="29.192"/>
  <system-out/>
  <testcase classname="testcases.LandingTestCases" name="landingPageContentSuggestionBodyVerify" time="20.914"/>
  <system-out/>
  <testcase classname="testcases.LandingTestCases" name="landingPageTopButtonTest" time="10.015"/>
  <system-out/>
  <testcase classname="testcases.LandingTestCases" name="footerCreateResumeButtonTest" time="33.148"/>
  <system-out/>
  <testcase classname="testcases.LandingTestCases" name="blogsTittleVerify" time="11.038"/>
  <system-out/>
  <testcase classname="testcases.LandingTestCases" name="footerNewsLetterSubcriptionExistingUser" time="21.773"/>
  <system-out/>
  <testcase classname="testcases.LandingTestCases" name="landingPageRecruiterPreferSkillSetVerify" time="14.123"/>
  <system-out/>
  <testcase classname="testcases.LandingTestCases" name="landingPageFAQFiveQuestionAnswerVerify" time="19.963"/>
  <system-out/>
  <testcase classname="testcases.LandingTestCases" name="dashBoardButtonTesting" time="15.117"/>
  <system-out/>
  <testcase classname="testcases.LandingTestCases" name="landingPageExploreAllTemplateButtonTest" time="15.294"/>
  <system-out/>
  <testcase classname="testcases.LandingTestCases" name="landingPageFAQFiveQuestionTittleVerify" time="8.770"/>
  <system-out/>
  <testcase classname="testcases.LandingTestCases" name="landingPageRecruiterPreferCareerSummaryVerify" time="12.399"/>
  <system-out/>
  <testcase classname="testcases.LandingTestCases" name="landingPageSimpleCvTittleTextVerify" time="9.805"/>
  <system-out/>
  <testcase classname="testcases.LandingTestCases" name="allBlogsButtonTest" time="17.523"/>
  <system-out/>
  <testcase classname="testcases.LandingTestCases" name="landingPageFAQThirdQuestionTittleVerify" time="8.712"/>
  <system-out/>
  <testcase classname="testcases.LandingTestCases" name="loginUserCreateFreeCvButtonFromMiddlePageTest" time="18.670"/>
  <system-out/>
  <testcase classname="testcases.LandingTestCases" name="landingPageNavLoginButtonTest" time="9.541"/>
  <system-out/>
  <testcase classname="testcases.LandingTestCases" name="landingPageSimpleCvAddinfoTextVerify" time="8.545"/>
  <system-out/>
  <testcase classname="testcases.LandingTestCases" name="loginUserCreateFreeCvButtonTest" time="16.641"/>
  <system-out/>
  <testcase classname="testcases.LandingTestCases" name="landingPageNavCartButtonTest" time="6.473"/>
  <system-out/>
  <testcase classname="testcases.LandingTestCases" name="landingPageRecruiterPreferCvTemplateVerify" time="14.493"/>
  <system-out/>
  <testcase classname="testcases.LandingTestCases" name="logoutButtonTesting" time="14.163"/>
  <system-out/>
  <testcase classname="testcases.LandingTestCases" name="landingPageNavLogoButtonTest" time="7.546"/>
  <system-out/>
  <testcase classname="testcases.LandingTestCases" name="landingPageContentSuggestionTittleVerify" time="20.706"/>
  <system-out/>
  <testcase classname="testcases.LandingTestCases" name="landingPageSimpleCvBodyTextVerify" time="10.394"/>
  <system-out/>
  <testcase classname="testcases.LandingTestCases" name="faqSeeMoreButtonTest" time="16.246"/>
  <system-out/>
  <testcase classname="testcases.LandingTestCases" name="footerPrivacyPolicyButtonTest" time="23.257"/>
  <system-out/>
  <testcase classname="testcases.LandingTestCases" name="landingPageSimpleCvSelectTemplateTextVerify" time="7.507"/>
  <system-out/>
  <testcase classname="testcases.LandingTestCases" name="footerNewsLetterSubcriptionInvalidMail" time="25.619"/>
  <system-out/>
  <testcase classname="testcases.LandingTestCases" name="landingPageFAQFirstQuestionTittleVerify" time="19.845"/>
  <system-out/>
  <testcase classname="testcases.LandingTestCases" name="landingPageTemplateCvTittleVerify" time="9.872"/>
  <system-out/>
  <testcase classname="testcases.LandingTestCases" name="selectOneBlogDetails" time="10.648"/>
  <system-out/>
  <testcase classname="testcases.LandingTestCases" name="landingPageTemplateSelect" time="9.162"/>
  <system-out/>
  <testcase classname="testcases.LandingTestCases" name="footerLoginButtonTest" time="21.652"/>
  <system-out/>
  <testcase classname="testcases.LandingTestCases" name="footerCreateAccountButtonTest" time="22.030"/>
  <system-out/>
  <testcase classname="testcases.LandingTestCases" name="landingPageFAQVerify" time="9.337"/>
  <system-out/>
  <testcase classname="testcases.LandingTestCases" name="footerFAQButtonTest" time="12.727"/>
  <system-out/>
  <testcase classname="testcases.LandingTestCases" name="landingPageSimpleCvDownloadCvTextVerify" time="10.969"/>
  <system-out/>
  <testcase classname="testcases.LandingTestCases" name="logoutUserTopCreateFreeCv" time="9.728"/>
  <system-out/>
  <testcase classname="testcases.LandingTestCases" name="footerBlogsButtonTest" time="11.784"/>
  <system-out/>
  <testcase classname="testcases.LandingTestCases" name="footerNewsLetterTextVerify" time="20.882"/>
  <system-out/>
  <testcase classname="testcases.LandingTestCases" name="landingPageFAQSecondQuestionTittleVerify" time="8.055"/>
  <system-out/>
  <testcase classname="testcases.LandingTestCases" name="landingPageRecruiterPreferBodyVerify" time="13.502"/>
  <system-out/>
  <testcase classname="testcases.LandingTestCases" name="landingPageNavHomeButtonTest" time="9.736"/>
  <system-out/>
  <testcase classname="testcases.LandingTestCases" name="landingPageHiringManagerTittleVerify" time="8.773"/>
  <system-out/>
  <testcase classname="testcases.LandingTestCases" name="landingPageRecruiterPreferCvStructureVerify" time="12.326"/>
  <system-out/>
  <testcase classname="testcases.LandingTestCases" name="landingPageRecruiterPreferTittleVerify" time="12.559"/>
  <system-out/>
  <testcase classname="testcases.LandingTestCases" name="footerAboutUsButtonTest" time="16.575"/>
  <system-out/>
  <testcase classname="testcases.LandingTestCases" name="footerAddressVerify" time="11.715"/>
  <system-out/>
  <testcase classname="testcases.LandingTestCases" name="landingPageFAQFirstQuestionAnswerVerify" time="15.056"/>
  <system-out/>
  <testcase classname="testcases.LandingTestCases" name="landingPageNavAboutUsButtonTest" time="8.043"/>
  <system-out/>
  <testcase classname="testcases.LandingTestCases" name="footerMailVerify" time="19.305"/>
  <system-out/>
  <testcase classname="testcases.LandingTestCases" name="footerTermsConditionButtonTest" time="17.012"/>
  <system-out/>
  <testcase classname="testcases.LandingTestCases" name="landingPageFAQThirdQuestionAnswerVerify" time="16.915"/>
  <system-out/>
  <testcase classname="testcases.LandingTestCases" name="landingPageFAQSecondQuestionAnswerVerify" time="17.218"/>
  <system-out/>
  <testcase classname="testcases.LandingTestCases" name="blogsHoverSsTest" time="15.849"/>
  <system-out/>
  <testcase classname="testcases.LandingTestCases" name="landingPageSeeAllTemplateButtonTest" time="12.624"/>
  <system-out/>
  <testcase classname="testcases.LandingTestCases" name="footerTittleVerify" time="14.985"/>
  <system-out/>
  <testcase classname="testcases.LandingTestCases" name="footerNewsLetterSubcriptionValidInput" time="12.322"/>
  <system-out/>
  <testcase classname="testcases.LandingTestCases" name="landingPageTittleSentence" time="8.630"/>
  <system-out/>
  <testcase classname="testcases.LandingTestCases" name="logoutCreateButtonTest" time="11.446"/>
  <system-out/>
  <testcase classname="testcases.LandingTestCases" name="footerPhoneVerify" time="12.081"/>
  <system-out/>
  <testcase classname="testcases.LandingTestCases" name="footerNewsLetterSubcriptionButtonVerify" time="11.384"/>
  <system-out/>
  <testcase classname="testcases.LandingTestCases" name="landingPageFAQFourQuestionAnswerVerify" time="15.743"/>
  <system-out/>
  <testcase classname="testcases.LandingTestCases" name="landingPageNavTemplateButtonTest" time="8.271"/>
  <system-out/>
  <testcase classname="testcases.LandingTestCases" name="landingPageFAQFourQuestionTittleVerify" time="9.452"/>
  <system-out/>
  <testcase classname="testcases.LandingTestCases" name="landingPageFAQTittleVerify" time="15.060"/>
  <system-out/>
  <testcase classname="testcases.LandingTestCases" name="landingPageRecruiterPreferProfessionalCertificatesVerify" time="9.989"/>
  <system-out/>
</testsuite> <!-- testcases.LandingTestCases -->
