<?xml version="1.0" encoding="UTF-8"?>
<!-- Generated by org.testng.reporters.JUnitReportReporter -->
<testsuite hostname="DESKTOP-ORMUMH8" failures="0" tests="15" name="testcases.PrivacyPoliceTestCases" time="89.659" errors="0" timestamp="2023-07-13T16:40:08 BDT" skipped="0">
  <testcase classname="testcases.PrivacyPoliceTestCases" name="contentbodytextVerify" time="5.754"/>
  <system-out/>
  <testcase classname="testcases.PrivacyPoliceTestCases" name="informationTittleVerify" time="5.748"/>
  <system-out/>
  <testcase classname="testcases.PrivacyPoliceTestCases" name="urlVerifyFromHomePage" time="13.518"/>
  <system-out/>
  <testcase classname="testcases.PrivacyPoliceTestCases" name="overviewBodyTextPart2Verify" time="4.161"/>
  <system-out/>
  <testcase classname="testcases.PrivacyPoliceTestCases" name="contenttittletextVerify" time="6.622"/>
  <system-out/>
  <testcase classname="testcases.PrivacyPoliceTestCases" name="logFilesTittleVerify" time="5.216"/>
  <system-out/>
  <testcase classname="testcases.PrivacyPoliceTestCases" name="logFilesBodyVerify" time="6.837"/>
  <system-out/>
  <testcase classname="testcases.PrivacyPoliceTestCases" name="ccpaPrivacyTittleVerify" time="4.836"/>
  <system-out/>
  <testcase classname="testcases.PrivacyPoliceTestCases" name="GPDRTittleVerify" time="4.218"/>
  <system-out/>
  <testcase classname="testcases.PrivacyPoliceTestCases" name="useYourinformationTittleVerify" time="6.312"/>
  <system-out/>
  <testcase classname="testcases.PrivacyPoliceTestCases" name="thirthPartyTittleVerify" time="5.020"/>
  <system-out/>
  <testcase classname="testcases.PrivacyPoliceTestCases" name="advertisingPartnerTittleVerify" time="4.567"/>
  <system-out/>
  <testcase classname="testcases.PrivacyPoliceTestCases" name="topButtonVerify" time="6.764"/>
  <system-out/>
  <testcase classname="testcases.PrivacyPoliceTestCases" name="overviewBodyTextPart1Verify" time="5.152"/>
  <system-out/>
  <testcase classname="testcases.PrivacyPoliceTestCases" name="overviewBodyTextPart3Verify" time="4.934"/>
  <system-out/>
</testsuite> <!-- testcases.PrivacyPoliceTestCases -->
