<?xml version="1.0" encoding="UTF-8"?>
<!-- Generated by org.testng.reporters.JUnitReportReporter -->
<testsuite hostname="DESKTOP-ORMUMH8" failures="0" tests="1" name="testcases.DashboardProfilePageTestCases" time="18.944" errors="0" timestamp="2023-07-05T19:01:47 BDT" skipped="0">
  <testcase classname="testcases.DashboardProfilePageTestCases" name="personalSummaryAddFromSegguestion" time="18.944"/>
  <system-out/>
</testsuite> <!-- testcases.DashboardProfilePageTestCases -->
