<?xml version="1.0" encoding="UTF-8"?>
<!-- Generated by org.testng.reporters.JUnitReportReporter -->
<testsuite hostname="DESKTOP-ORMUMH8" failures="0" tests="1" name="testcases.DashboardProfilePageTestCases" time="15.139" errors="0" timestamp="2023-07-17T18:38:59 BDT" skipped="0">
  <testcase classname="testcases.DashboardProfilePageTestCases" name="educationValidationVerify" time="15.139"/>
  <system-out/>
</testsuite> <!-- testcases.DashboardProfilePageTestCases -->
