<?xml version="1.0" encoding="UTF-8"?>
<!-- Generated by org.testng.reporters.JUnitReportReporter -->
<testsuite hostname="DESKTOP-ORMUMH8" failures="0" tests="1" name="testcases.PrivacyPoliceTestCases" time="16.709" errors="0" timestamp="2023-06-11T18:17:41 BDT" skipped="0">
  <testcase classname="testcases.PrivacyPoliceTestCases" name="topButtonVerify" time="16.709"/>
  <system-out/>
</testsuite> <!-- testcases.PrivacyPoliceTestCases -->
