<?xml version="1.0" encoding="UTF-8"?>
<!-- Generated by org.testng.reporters.JUnitReportReporter -->
<testsuite hostname="DESKTOP-ORMUMH8" failures="0" tests="1" name="testcases.LoginTestCases" time="11.558" errors="0" timestamp="2023-05-16T11:45:40 BDT" skipped="0">
  <testcase classname="testcases.LoginTestCases" name="loginUsingKeyboardEnterButton" time="11.558"/>
  <system-out/>
</testsuite> <!-- testcases.LoginTestCases -->
