<?xml version="1.0" encoding="UTF-8"?>
<!-- Generated by org.testng.reporters.JUnitReportReporter -->
<testsuite hostname="ApurboKabbo" failures="0" tests="1" name="testcases.TermConditionTestCases" time="25.920" errors="0" timestamp="2023-06-18T00:06:16 BDT" skipped="0">
  <testcase classname="testcases.TermConditionTestCases" name="submissionTittleVerify" time="25.920"/>
  <system-out/>
</testsuite> <!-- testcases.TermConditionTestCases -->
