<?xml version="1.0" encoding="UTF-8"?>
<!-- Generated by org.testng.reporters.JUnitReportReporter -->
<testsuite hostname="DESKTOP-ORMUMH8" failures="0" tests="4" name="testcases.PrivacyPoliceTestCases" time="39.346" errors="0" timestamp="2023-06-08T18:11:43 BDT" skipped="0">
  <testcase classname="testcases.PrivacyPoliceTestCases" name="overviewBodyTextPart3Verify" time="6.436"/>
  <system-out/>
  <testcase classname="testcases.PrivacyPoliceTestCases" name="urlVerifyFromHomePage" time="16.629"/>
  <system-out/>
  <testcase classname="testcases.PrivacyPoliceTestCases" name="overviewBodyTextPart1Verify" time="10.666"/>
  <system-out/>
  <testcase classname="testcases.PrivacyPoliceTestCases" name="overviewBodyTextPart2Verify" time="5.615"/>
  <system-out/>
</testsuite> <!-- testcases.PrivacyPoliceTestCases -->
