<?xml version="1.0" encoding="UTF-8"?>
<!-- Generated by org.testng.reporters.JUnitReportReporter -->
<testsuite hostname="DESKTOP-ORMUMH8" failures="0" tests="12" name="testcases.BlogPageTestCase" time="232.502" errors="0" timestamp="2023-05-23T11:45:47 BDT" skipped="0">
  <testcase classname="testcases.BlogPageTestCase" name="blogPageURLVerify" time="5.319"/>
  <system-out/>
  <testcase classname="testcases.BlogPageTestCase" name="vlog10TittleUrlVerify" time="14.143"/>
  <system-out/>
  <testcase classname="testcases.BlogPageTestCase" name="vlog4TittleUrlVerify" time="15.081"/>
  <system-out/>
  <testcase classname="testcases.BlogPageTestCase" name="vlog6TittleUrlVerify" time="23.054"/>
  <system-out/>
  <testcase classname="testcases.BlogPageTestCase" name="vlog11TittleUrlVerify" time="25.729"/>
  <system-out/>
  <testcase classname="testcases.BlogPageTestCase" name="vlog1TittleUrlVerify" time="21.257"/>
  <system-out/>
  <testcase classname="testcases.BlogPageTestCase" name="vlog2TittleUrlVerify" time="13.275"/>
  <system-out/>
  <testcase classname="testcases.BlogPageTestCase" name="vlog8TittleUrlVerify" time="23.281"/>
  <system-out/>
  <testcase classname="testcases.BlogPageTestCase" name="vlog3TittleUrlVerify" time="19.887"/>
  <system-out/>
  <testcase classname="testcases.BlogPageTestCase" name="vlog7TittleUrlVerify" time="28.206"/>
  <system-out/>
  <testcase classname="testcases.BlogPageTestCase" name="vlog9TittleUrlVerify" time="24.576"/>
  <system-out/>
  <testcase classname="testcases.BlogPageTestCase" name="vlog5TittleUrlVerify" time="18.694"/>
  <system-out/>
</testsuite> <!-- testcases.BlogPageTestCase -->
