<?xml version="1.0" encoding="UTF-8"?>
<!-- Generated by org.testng.reporters.JUnitReportReporter -->
<testsuite hostname="DESKTOP-ORMUMH8" failures="0" tests="26" name="testcases.TermConditionTestCases" time="220.827" errors="0" timestamp="2023-07-13T16:40:08 BDT" skipped="0">
  <testcase classname="testcases.TermConditionTestCases" name="userDataTittleVerify" time="6.919"/>
  <system-out/>
  <testcase classname="testcases.TermConditionTestCases" name="contributionLicenseTittleVerify" time="8.296"/>
  <system-out/>
  <testcase classname="testcases.TermConditionTestCases" name="limitationofLiabilityTittleVerify" time="8.892"/>
  <system-out/>
  <testcase classname="testcases.TermConditionTestCases" name="indeminificationTittleVerify" time="6.990"/>
  <system-out/>
  <testcase classname="testcases.TermConditionTestCases" name="electronicCommunicationsTittleVerify" time="6.824"/>
  <system-out/>
  <testcase classname="testcases.TermConditionTestCases" name="intellectualPropertyTittleVerify" time="9.289"/>
  <system-out/>
  <testcase classname="testcases.TermConditionTestCases" name="backButtonTest" time="12.879"/>
  <system-out/>
  <testcase classname="testcases.TermConditionTestCases" name="submissionTittleVerify" time="7.247"/>
  <system-out/>
  <testcase classname="testcases.TermConditionTestCases" name="governingLawTittleVerify" time="7.570"/>
  <system-out/>
  <testcase classname="testcases.TermConditionTestCases" name="userRegistrationTittleVerify" time="7.619"/>
  <system-out/>
  <testcase classname="testcases.TermConditionTestCases" name="userGeneratedTittleVerify" time="10.932"/>
  <system-out/>
  <testcase classname="testcases.TermConditionTestCases" name="CorrectionsTittleVerify" time="7.713"/>
  <system-out/>
  <testcase classname="testcases.TermConditionTestCases" name="siteManangementTittleVerify" time="9.568"/>
  <system-out/>
  <testcase classname="testcases.TermConditionTestCases" name="modificationsInteruptionsTittleVerify" time="7.537"/>
  <system-out/>
  <testcase classname="testcases.TermConditionTestCases" name="disclaimerTittleVerify" time="8.725"/>
  <system-out/>
  <testcase classname="testcases.TermConditionTestCases" name="digitalPaymentTittleVerify" time="8.651"/>
  <system-out/>
  <testcase classname="testcases.TermConditionTestCases" name="disputeResolutionTittleVerify" time="7.888"/>
  <system-out/>
  <testcase classname="testcases.TermConditionTestCases" name="miscellaneousTittleVerify" time="8.465"/>
  <system-out/>
  <testcase classname="testcases.TermConditionTestCases" name="copyrightInfringmentsTittleVerify" time="11.712"/>
  <system-out/>
  <testcase classname="testcases.TermConditionTestCases" name="topButtonTest" time="8.781"/>
  <system-out/>
  <testcase classname="testcases.TermConditionTestCases" name="contactUsTittleVerify" time="7.963"/>
  <system-out/>
  <testcase classname="testcases.TermConditionTestCases" name="privacyPolicyTittleVerify" time="8.036"/>
  <system-out/>
  <testcase classname="testcases.TermConditionTestCases" name="userRepresentationsTittleVerify" time="7.948"/>
  <system-out/>
  <testcase classname="testcases.TermConditionTestCases" name="prohibitedActivitiesTittleVerify" time="8.186"/>
  <system-out/>
  <testcase classname="testcases.TermConditionTestCases" name="agreementTittleVerify" time="9.600"/>
  <system-out/>
  <testcase classname="testcases.TermConditionTestCases" name="termTerminationTittleVerify" time="6.597"/>
  <system-out/>
</testsuite> <!-- testcases.TermConditionTestCases -->
