<?xml version="1.0" encoding="UTF-8"?>
<!-- Generated by org.testng.reporters.JUnitReportReporter -->
<testsuite hostname="DESKTOP-ORMUMH8" failures="0" tests="1" name="testcases.LandingPageTestCases" time="4.368" errors="0" timestamp="2023-05-15T14:30:34 BDT" skipped="0">
  <testcase classname="testcases.LandingPageTestCases" name="name" time="4.368"/>
  <system-out/>
</testsuite> <!-- testcases.LandingPageTestCases -->
