<?xml version="1.0" encoding="UTF-8"?>
<!-- Generated by org.testng.reporters.JUnitReportReporter -->
<testsuite hostname="DESKTOP-ORMUMH8" failures="0" tests="13" name="testcases.LoginTestCases" time="138.550" errors="0" timestamp="2023-07-13T16:40:08 BDT" skipped="0">
  <testcase classname="testcases.LoginTestCases" name="loginWithWrongPassword" time="8.165"/>
  <system-out/>
  <testcase classname="testcases.LoginTestCases" name="loginPageBackButtonTestFromPasswordPage" time="12.812"/>
  <system-out/>
  <testcase classname="testcases.LoginTestCases" name="loginUsingKeyboardEnterButton" time="10.657"/>
  <system-out/>
  <testcase classname="testcases.LoginTestCases" name="loginPageCreateAccountButtonTestFromPasswordField" time="11.332"/>
  <system-out/>
  <testcase classname="testcases.LoginTestCases" name="loginWithInvalidMailFormat" time="7.058"/>
  <system-out/>
  <testcase classname="testcases.LoginTestCases" name="loginPageSignInButtonTest" time="6.691"/>
  <system-out/>
  <testcase classname="testcases.LoginTestCases" name="loginPageBackButtonTestFromEmailPage" time="8.064"/>
  <system-out/>
  <testcase classname="testcases.LoginTestCases" name="loginButtonTestFromNav" time="7.080"/>
  <system-out/>
  <testcase classname="testcases.LoginTestCases" name="loginPagePreviousBackButtonTestFromPasswordPage" time="11.992"/>
  <system-out/>
  <testcase classname="testcases.LoginTestCases" name="loginFromCartPageUrlVerify" time="22.724"/>
  <system-out/>
  <testcase classname="testcases.LoginTestCases" name="loginPageCreateAccountButtonTest" time="10.232"/>
  <system-out/>
  <testcase classname="testcases.LoginTestCases" name="loginPageForgetPasswordButtonTest" time="11.097"/>
  <system-out/>
  <testcase classname="testcases.LoginTestCases" name="loginSccuessWithValidData" time="10.646"/>
  <system-out/>
</testsuite> <!-- testcases.LoginTestCases -->
